<?xml version="1.0" encoding="UTF-8"?>
<!-- Generated by org.testng.reporters.JUnitReportReporter -->
<testsuite hostname="QSP" failures="0" tests="1" name="scripts.AddingTocart" time="21.763" errors="0" timestamp="2021-09-04T14:05:53 IST" skipped="0">
  <testcase classname="scripts.AddingTocart" name="tc1" time="21.763"/>
</testsuite> <!-- scripts.AddingTocart -->
