<?xml version="1.0" encoding="UTF-8"?>
<!-- Generated by org.testng.reporters.JUnitReportReporter -->
<testsuite hostname="QSP" failures="0" tests="1" name="scripts.FacebookLike" time="34.121" errors="0" timestamp="2021-09-04T14:05:53 IST" skipped="0">
  <testcase classname="scripts.FacebookLike" name="tc2" time="34.121"/>
</testsuite> <!-- scripts.FacebookLike -->
